2021-08-17 20:19:10,692 - instabot version: 0.117.0 (bot) - INFO - Instabot version: 0.117.0 Started
2021-08-17 20:19:10,692 - instabot version: 0.117.0 (bot) - DEBUG - Bot imported from C:\Users\581946\AppData\Local\Programs\Python\Python39\lib\site-packages\instabot\bot\bot.py
2021-08-17 20:19:10,694 - instabot version: 0.117.0 (api_login) - INFO - Not yet logged in starting: PRE-LOGIN FLOW!
2021-08-17 20:19:11,105 - instabot version: 0.117.0 (api) - DEBUG - POST to endpoint: accounts/get_prefill_candidates/ returned response: <Response [200]>
2021-08-17 20:19:11,471 - instabot version: 0.117.0 (api) - DEBUG - POST to endpoint: qe/sync/ returned response: <Response [200]>
2021-08-17 20:19:11,859 - instabot version: 0.117.0 (api) - DEBUG - POST to endpoint: launcher/sync/ returned response: <Response [200]>
2021-08-17 20:19:12,231 - instabot version: 0.117.0 (api) - DEBUG - POST to endpoint: accounts/contact_point_prefill/ returned response: <Response [200]>
2021-08-17 20:19:13,831 - instabot version: 0.117.0 (api) - DEBUG - POST to endpoint: accounts/login/ returned response: <Response [200]>
2021-08-17 20:19:13,831 - instabot version: 0.117.0 (api) - INFO - Logged-in successfully as 'hargaemas.today'!
2021-08-17 20:19:13,832 - instabot version: 0.117.0 (api_login) - INFO - LOGIN FLOW! Just logged-in: True
2021-08-17 20:19:14,258 - instabot version: 0.117.0 (api) - DEBUG - POST to endpoint: qe/sync/ returned response: <Response [200]>
2021-08-17 20:19:14,651 - instabot version: 0.117.0 (api) - DEBUG - POST to endpoint: launcher/sync/ returned response: <Response [200]>
2021-08-17 20:19:15,005 - instabot version: 0.117.0 (api) - DEBUG - GET to endpoint: zr/token/result/?device_id=android-1f70b79dbcad913a&token_hash=&custom_device_id=android-1f70b79dbcad913a&fetch_reason=token_expired returned response: <Response [200]>
2021-08-17 20:19:15,330 - instabot version: 0.117.0 (api) - DEBUG - GET to endpoint: multiple_accounts/get_account_family/ returned response: <Response [200]>
2021-08-17 20:19:15,692 - instabot version: 0.117.0 (api) - DEBUG - POST to endpoint: qe/sync/ returned response: <Response [200]>
2021-08-17 20:19:16,356 - instabot version: 0.117.0 (api) - DEBUG - GET to endpoint: igtv/browse_feed/?prefetch=1 returned response: <Response [200]>
2021-08-17 20:19:16,710 - instabot version: 0.117.0 (api) - DEBUG - POST to endpoint: creatives/ar_class/ returned response: <Response [200]>
2021-08-17 20:19:17,459 - instabot version: 0.117.0 (api) - DEBUG - POST to endpoint: feed/reels_tray/ returned response: <Response [200]>
2021-08-17 20:19:21,459 - instabot version: 0.117.0 (api) - DEBUG - POST to endpoint: feed/timeline/ returned response: <Response [200]>
2021-08-17 20:19:21,792 - instabot version: 0.117.0 (api) - DEBUG - GET to endpoint: media/blocked/ returned response: <Response [200]>
2021-08-17 20:19:22,397 - instabot version: 0.117.0 (api) - DEBUG - GET to endpoint: news/inbox/ returned response: <Response [200]>
2021-08-17 20:19:22,752 - instabot version: 0.117.0 (api) - DEBUG - GET to endpoint: loom/fetch_config/ returned response: <Response [200]>
2021-08-17 20:19:23,124 - instabot version: 0.117.0 (api) - DEBUG - GET to endpoint: scores/bootstrap/users/?surfaces=["autocomplete_user_list","coefficient_besties_list_ranking","coefficient_rank_recipient_user_suggestion","coefficient_ios_section_test_bootstrap_ranking","coefficient_direct_recipients_ranking_variant_2"] returned response: <Response [200]>
2021-08-17 20:19:23,496 - instabot version: 0.117.0 (api) - DEBUG - GET to endpoint: business/eligibility/get_monetization_products_eligibility_data/?product_types=branded_content returned response: <Response [200]>
2021-08-17 20:19:24,080 - instabot version: 0.117.0 (api) - DEBUG - GET to endpoint: business/branded_content/should_require_professional_account/ returned response: <Response [200]>
2021-08-17 20:19:24,434 - instabot version: 0.117.0 (api) - DEBUG - GET to endpoint: linked_accounts/get_linkage_status/ returned response: <Response [200]>
2021-08-17 20:19:24,772 - instabot version: 0.117.0 (api) - DEBUG - GET to endpoint: locations/request_country/ returned response: <Response [200]>
2021-08-17 20:19:25,108 - instabot version: 0.117.0 (api) - DEBUG - GET to endpoint: qp/get_cooldowns/?signed_body=signed_body=4b9c516a5410a3bc128e09c6104a7f042146b9c2023870560c63a43a7f66781c.4&ig_sig_key_version=4&ig_sig_key_version=4 returned response: <Response [200]>
2021-08-17 20:19:25,434 - instabot version: 0.117.0 (api) - DEBUG - GET to endpoint: users/arlink_download_info/?version_override=2.2.1 returned response: <Response [200]>
2021-08-17 20:19:26,015 - instabot version: 0.117.0 (api) - DEBUG - GET to endpoint: users/48301288676/info/ returned response: <Response [200]>
2021-08-17 20:19:26,591 - instabot version: 0.117.0 (api) - DEBUG - GET to endpoint: direct_v2/get_presence/ returned response: <Response [200]>
2021-08-17 20:19:27,062 - instabot version: 0.117.0 (api) - DEBUG - GET to endpoint: direct_v2/inbox/?visual_message_return_type=unseen&thread_message_limit=10&persistentBadging=true&limit=20 returned response: <Response [200]>
2021-08-17 20:19:27,484 - instabot version: 0.117.0 (api) - DEBUG - GET to endpoint: direct_v2/inbox/?visual_message_return_type=unseen&persistentBadging=true&limit=0 returned response: <Response [200]>
2021-08-17 20:19:28,840 - instabot version: 0.117.0 (api) - DEBUG - GET to endpoint: discover/topical_explore/?is_prefetch=true&omit_cover_media=true&use_sectional_payload=true&timezone_offset=0&session_id=473b6dbe-e695-4de8-ba29-ff278ec627fa&include_fixed_destinations=true returned response: <Response [200]>
2021-08-17 20:19:29,195 - instabot version: 0.117.0 (api) - DEBUG - POST to endpoint: notifications/badge/ returned response: <Response [200]>
2021-08-17 20:19:29,741 - instabot version: 0.117.0 (api) - DEBUG - POST to endpoint: qp/batch_fetch/ returned response: <Response [200]>
2021-08-17 20:19:29,743 - instabot version: 0.117.0 (bot_checkpoint) - DEBUG - Loading Checkpoint file from: D:\Python\goldScraper/config/hargaemas.today.checkpoint
2021-08-17 20:19:54,989 - instabot version: 0.117.0 (api) - DEBUG - POST to endpoint: media/configure/? returned response: <Response [200]>
2021-08-17 20:19:55,331 - instabot version: 0.117.0 (api) - DEBUG - POST to endpoint: qe/expose/ returned response: <Response [200]>
2021-08-17 20:19:55,332 - instabot version: 0.117.0 (bot_photo) - INFO - Photo 'Post 17-August-2021.jpg' is uploaded.
2021-08-17 20:20:00,927 - instabot version: 0.117.0 (api) - DEBUG - POST to endpoint: accounts/logout/ returned response: <Response [200]>
2021-08-17 20:20:00,927 - instabot version: 0.117.0 (bot) - INFO - Bot stopped. Worked: 0:00:50.238751
2021-08-17 20:20:00,928 - instabot version: 0.117.0 (bot_checkpoint) - DEBUG - Saving Checkpoint file to: D:\Python\goldScraper/config/hargaemas.today.checkpoint
2021-08-17 20:20:00,928 - instabot version: 0.117.0 (bot) - INFO - Total requests: 34
2021-08-17 20:21:36,752 - instabot version: 0.117.0 (bot_checkpoint) - DEBUG - Saving Checkpoint file to: D:\Python\goldScraper/config/hargaemas.today.checkpoint
2021-08-17 20:21:36,752 - instabot version: 0.117.0 (bot) - INFO - Total requests: 34
